2020-10-26 01:26:29.779  INFO 1374 --- [main] c.h.a.c.CustomScannersServiceApplication : Starting CustomScannersServiceApplication on Xiaoswaiis-MacBook-Pro.local with PID 1374 (/Users/xiaoswaii/.vscode/extensions/hcltechnologies.hclappscancodesweep-1.1.1/lib/custom-scanners-service-1.0.8.jar started by xiaoswaii in /Users/xiaoswaii/Desktop/homesweethome)
2020-10-26 01:26:29.784  INFO 1374 --- [main] c.h.a.c.CustomScannersServiceApplication : No active profile set, falling back to default profiles: default
2020-10-26 01:26:32.730  INFO 1374 --- [main] o.s.b.w.embedded.tomcat.TomcatWebServer  : Tomcat initialized with port(s): 9221 (http)
2020-10-26 01:26:32.744  INFO 1374 --- [main] o.apache.catalina.core.StandardService   : Starting service [Tomcat]
2020-10-26 01:26:32.745  INFO 1374 --- [main] org.apache.catalina.core.StandardEngine  : Starting Servlet engine: [Apache Tomcat/9.0.29]
2020-10-26 01:26:32.822  INFO 1374 --- [main] o.a.c.c.C.[Tomcat].[localhost].[/]       : Initializing Spring embedded WebApplicationContext
2020-10-26 01:26:32.823 DEBUG 1374 --- [main] o.s.web.context.ContextLoader            : Published root WebApplicationContext as ServletContext attribute with name [org.springframework.web.context.WebApplicationContext.ROOT]
2020-10-26 01:26:32.823  INFO 1374 --- [main] o.s.web.context.ContextLoader            : Root WebApplicationContext: initialization completed in 2928 ms
2020-10-26 01:26:33.023 DEBUG 1374 --- [main] o.s.b.w.s.ServletContextInitializerBeans : Mapping filters: filterRegistrationBean urls=[/*] order=-2147483647, characterEncodingFilter urls=[/*] order=-2147483648, formContentFilter urls=[/*] order=-9900, requestContextFilter urls=[/*] order=-105
2020-10-26 01:26:33.024 DEBUG 1374 --- [main] o.s.b.w.s.ServletContextInitializerBeans : Mapping servlets: dispatcherServlet urls=[/]
2020-10-26 01:26:34.753 DEBUG 1374 --- [main] s.w.s.m.m.a.RequestMappingHandlerMapping : 19 mappings in 'requestMappingHandlerMapping'
2020-10-26 01:26:34.814  INFO 1374 --- [main] o.s.b.a.e.web.EndpointLinksResolver      : Exposing 2 endpoint(s) beneath base path '/actuator'
2020-10-26 01:26:34.907  INFO 1374 --- [main] pertySourcedRequestMappingHandlerMapping : Mapped URL path [/v2/api-docs] onto method [springfox.documentation.swagger2.web.Swagger2Controller#getDocumentation(String, HttpServletRequest)]
2020-10-26 01:26:34.995  INFO 1374 --- [main] o.s.s.concurrent.ThreadPoolTaskExecutor  : Initializing ExecutorService 'applicationTaskExecutor'
2020-10-26 01:26:35.018 DEBUG 1374 --- [main] s.w.s.m.m.a.RequestMappingHandlerAdapter : ControllerAdvice beans: 0 @ModelAttribute, 0 @InitBinder, 1 RequestBodyAdvice, 1 ResponseBodyAdvice
2020-10-26 01:26:35.169 DEBUG 1374 --- [main] o.s.w.s.handler.SimpleUrlHandlerMapping  : Patterns [/webjars/**, /**] in 'resourceHandlerMapping'
2020-10-26 01:26:35.181 DEBUG 1374 --- [main] .m.m.a.ExceptionHandlerExceptionResolver : ControllerAdvice beans: 1 @ExceptionHandler, 1 ResponseBodyAdvice
2020-10-26 01:26:35.279  INFO 1374 --- [main] d.s.w.p.DocumentationPluginsBootstrapper : Context refreshed
2020-10-26 01:26:35.314  INFO 1374 --- [main] d.s.w.p.DocumentationPluginsBootstrapper : Found 1 custom documentation plugin(s)
2020-10-26 01:26:35.366  INFO 1374 --- [main] s.d.s.w.s.ApiListingReferenceScanner     : Scanning for api listing references
2020-10-26 01:26:35.759  INFO 1374 --- [main] o.s.b.w.embedded.tomcat.TomcatWebServer  : Tomcat started on port(s): 9221 (http) with context path ''
2020-10-26 01:26:35.766  INFO 1374 --- [main] c.h.a.c.CustomScannersServiceApplication : Started CustomScannersServiceApplication in 7.442 seconds (JVM running for 10.611)
2020-10-26 01:26:35.864  INFO 1374 --- [http-nio-9221-exec-1] o.a.c.c.C.[Tomcat].[localhost].[/]       : Initializing Spring DispatcherServlet 'dispatcherServlet'
2020-10-26 01:26:35.865  INFO 1374 --- [http-nio-9221-exec-1] o.s.web.servlet.DispatcherServlet        : Initializing Servlet 'dispatcherServlet'
2020-10-26 01:26:35.865 DEBUG 1374 --- [http-nio-9221-exec-1] o.s.web.servlet.DispatcherServlet        : Detected StandardServletMultipartResolver
2020-10-26 01:26:35.872 DEBUG 1374 --- [http-nio-9221-exec-1] o.s.web.servlet.DispatcherServlet        : enableLoggingRequestDetails='false': request parameters and headers will be masked to prevent unsafe logging of potentially sensitive data
2020-10-26 01:26:35.872  INFO 1374 --- [http-nio-9221-exec-1] o.s.web.servlet.DispatcherServlet        : Completed initialization in 7 ms
2020-10-26 01:26:35.881 DEBUG 1374 --- [http-nio-9221-exec-1] o.s.web.servlet.DispatcherServlet        : GET "/v1/scanRules", parameters={}
2020-10-26 01:26:35.887 DEBUG 1374 --- [http-nio-9221-exec-1] s.w.s.m.m.a.RequestMappingHandlerMapping : Mapped to com.hcl.appscan.customscannersservice.controller.CustomScannersController#getScanRules(String[])
2020-10-26 01:26:35.912 DEBUG 1374 --- [http-nio-9221-exec-1] o.s.w.s.m.m.a.HttpEntityMethodProcessor  : Using 'application/json', given [application/json] and supported [application/json]
2020-10-26 01:26:35.920 DEBUG 1374 --- [http-nio-9221-exec-1] o.s.w.s.m.m.a.HttpEntityMethodProcessor  : Writing [{Golang={com.ouncelabs.languagelite.golang.rules.CommMisconfig=CustomScannersServiceScanRule{ruleNam (truncated)...]
2020-10-26 01:26:35.967 DEBUG 1374 --- [http-nio-9221-exec-1] o.s.web.servlet.DispatcherServlet        : Completed 200 OK
2020-10-26 01:27:14.911 DEBUG 1374 --- [http-nio-9221-exec-2] o.s.web.servlet.DispatcherServlet        : POST "/v1/scanFile", parameters={masked}
2020-10-26 01:27:14.916 DEBUG 1374 --- [http-nio-9221-exec-2] s.w.s.m.m.a.RequestMappingHandlerMapping : Mapped to com.hcl.appscan.customscannersservice.controller.CustomScannersController#runScanFile(MultipartFile, String, int[])
2020-10-26 01:27:14.925 DEBUG 1374 --- [http-nio-9221-exec-2] .m.m.a.ExceptionHandlerExceptionResolver : Using @ExceptionHandler com.hcl.appscan.customscannersservice.controller.CustomScannersControllerAdvice#handleInvalidArgument(IllegalArgumentException)
2020-10-26 01:27:14.929 DEBUG 1374 --- [http-nio-9221-exec-2] o.s.w.s.m.m.a.HttpEntityMethodProcessor  : Using 'application/json', given [application/json] and supported [application/json, application/*+json, application/json, application/*+json]
2020-10-26 01:27:14.930 DEBUG 1374 --- [http-nio-9221-exec-2] o.s.w.s.m.m.a.HttpEntityMethodProcessor  : Writing [com.hcl.appscan.customscannersservice.controller.CustomScannersControllerAdvice$ErrorMessage@796b1ac (truncated)...]
2020-10-26 01:27:14.932 DEBUG 1374 --- [http-nio-9221-exec-2] .m.m.a.ExceptionHandlerExceptionResolver : Resolved [java.lang.IllegalArgumentException: The following file extension is not supported: ejs]
2020-10-26 01:27:14.933 DEBUG 1374 --- [http-nio-9221-exec-2] o.s.web.servlet.DispatcherServlet        : Completed 422 UNPROCESSABLE_ENTITY
2020-10-26 01:27:36.260 DEBUG 1374 --- [http-nio-9221-exec-3] o.s.web.servlet.DispatcherServlet        : POST "/v1/scanFile", parameters={masked}
2020-10-26 01:27:36.262 DEBUG 1374 --- [http-nio-9221-exec-3] s.w.s.m.m.a.RequestMappingHandlerMapping : Mapped to com.hcl.appscan.customscannersservice.controller.CustomScannersController#runScanFile(MultipartFile, String, int[])
2020-10-26 01:27:36.264 DEBUG 1374 --- [http-nio-9221-exec-3] .m.m.a.ExceptionHandlerExceptionResolver : Using @ExceptionHandler com.hcl.appscan.customscannersservice.controller.CustomScannersControllerAdvice#handleInvalidArgument(IllegalArgumentException)
2020-10-26 01:27:36.265 DEBUG 1374 --- [http-nio-9221-exec-3] o.s.w.s.m.m.a.HttpEntityMethodProcessor  : Using 'application/json', given [application/json] and supported [application/json, application/*+json, application/json, application/*+json]
2020-10-26 01:27:36.265 DEBUG 1374 --- [http-nio-9221-exec-3] o.s.w.s.m.m.a.HttpEntityMethodProcessor  : Writing [com.hcl.appscan.customscannersservice.controller.CustomScannersControllerAdvice$ErrorMessage@6537b7e (truncated)...]
2020-10-26 01:27:36.266 DEBUG 1374 --- [http-nio-9221-exec-3] .m.m.a.ExceptionHandlerExceptionResolver : Resolved [java.lang.IllegalArgumentException: The following file extension is not supported: ejs]
2020-10-26 01:27:36.267 DEBUG 1374 --- [http-nio-9221-exec-3] o.s.web.servlet.DispatcherServlet        : Completed 422 UNPROCESSABLE_ENTITY
2020-10-26 01:28:29.102 DEBUG 1374 --- [http-nio-9221-exec-4] o.s.web.servlet.DispatcherServlet        : POST "/v1/scanFile", parameters={masked}
2020-10-26 01:28:29.103 DEBUG 1374 --- [http-nio-9221-exec-4] s.w.s.m.m.a.RequestMappingHandlerMapping : Mapped to com.hcl.appscan.customscannersservice.controller.CustomScannersController#runScanFile(MultipartFile, String, int[])
2020-10-26 01:28:29.105 DEBUG 1374 --- [http-nio-9221-exec-4] .m.m.a.ExceptionHandlerExceptionResolver : Using @ExceptionHandler com.hcl.appscan.customscannersservice.controller.CustomScannersControllerAdvice#handleInvalidArgument(IllegalArgumentException)
2020-10-26 01:28:29.105 DEBUG 1374 --- [http-nio-9221-exec-4] o.s.w.s.m.m.a.HttpEntityMethodProcessor  : Using 'application/json', given [application/json] and supported [application/json, application/*+json, application/json, application/*+json]
2020-10-26 01:28:29.105 DEBUG 1374 --- [http-nio-9221-exec-4] o.s.w.s.m.m.a.HttpEntityMethodProcessor  : Writing [com.hcl.appscan.customscannersservice.controller.CustomScannersControllerAdvice$ErrorMessage@6d66931 (truncated)...]
2020-10-26 01:28:29.106 DEBUG 1374 --- [http-nio-9221-exec-4] .m.m.a.ExceptionHandlerExceptionResolver : Resolved [java.lang.IllegalArgumentException: The following file extension is not supported: ejs]
2020-10-26 01:28:29.106 DEBUG 1374 --- [http-nio-9221-exec-4] o.s.web.servlet.DispatcherServlet        : Completed 422 UNPROCESSABLE_ENTITY
2020-10-26 01:28:45.441 DEBUG 1374 --- [http-nio-9221-exec-5] o.s.web.servlet.DispatcherServlet        : POST "/v1/scanFile", parameters={masked}
2020-10-26 01:28:45.442 DEBUG 1374 --- [http-nio-9221-exec-5] s.w.s.m.m.a.RequestMappingHandlerMapping : Mapped to com.hcl.appscan.customscannersservice.controller.CustomScannersController#runScanFile(MultipartFile, String, int[])
2020-10-26 01:28:45.443 DEBUG 1374 --- [http-nio-9221-exec-5] .m.m.a.ExceptionHandlerExceptionResolver : Using @ExceptionHandler com.hcl.appscan.customscannersservice.controller.CustomScannersControllerAdvice#handleInvalidArgument(IllegalArgumentException)
2020-10-26 01:28:45.444 DEBUG 1374 --- [http-nio-9221-exec-5] o.s.w.s.m.m.a.HttpEntityMethodProcessor  : Using 'application/json', given [application/json] and supported [application/json, application/*+json, application/json, application/*+json]
2020-10-26 01:28:45.444 DEBUG 1374 --- [http-nio-9221-exec-5] o.s.w.s.m.m.a.HttpEntityMethodProcessor  : Writing [com.hcl.appscan.customscannersservice.controller.CustomScannersControllerAdvice$ErrorMessage@67ca923 (truncated)...]
2020-10-26 01:28:45.445 DEBUG 1374 --- [http-nio-9221-exec-5] .m.m.a.ExceptionHandlerExceptionResolver : Resolved [java.lang.IllegalArgumentException: The following file extension is not supported: ejs]
2020-10-26 01:28:45.445 DEBUG 1374 --- [http-nio-9221-exec-5] o.s.web.servlet.DispatcherServlet        : Completed 422 UNPROCESSABLE_ENTITY
2020-10-26 01:28:54.311 DEBUG 1374 --- [http-nio-9221-exec-6] o.s.web.servlet.DispatcherServlet        : POST "/v1/scanFile", parameters={masked}
2020-10-26 01:28:54.312 DEBUG 1374 --- [http-nio-9221-exec-6] s.w.s.m.m.a.RequestMappingHandlerMapping : Mapped to com.hcl.appscan.customscannersservice.controller.CustomScannersController#runScanFile(MultipartFile, String, int[])
2020-10-26 01:28:54.315 DEBUG 1374 --- [http-nio-9221-exec-6] .m.m.a.ExceptionHandlerExceptionResolver : Using @ExceptionHandler com.hcl.appscan.customscannersservice.controller.CustomScannersControllerAdvice#handleInvalidArgument(IllegalArgumentException)
2020-10-26 01:28:54.316 DEBUG 1374 --- [http-nio-9221-exec-6] o.s.w.s.m.m.a.HttpEntityMethodProcessor  : Using 'application/json', given [application/json] and supported [application/json, application/*+json, application/json, application/*+json]
2020-10-26 01:28:54.316 DEBUG 1374 --- [http-nio-9221-exec-6] o.s.w.s.m.m.a.HttpEntityMethodProcessor  : Writing [com.hcl.appscan.customscannersservice.controller.CustomScannersControllerAdvice$ErrorMessage@39a7b66 (truncated)...]
2020-10-26 01:28:54.317 DEBUG 1374 --- [http-nio-9221-exec-6] .m.m.a.ExceptionHandlerExceptionResolver : Resolved [java.lang.IllegalArgumentException: The following file extension is not supported: ejs]
2020-10-26 01:28:54.317 DEBUG 1374 --- [http-nio-9221-exec-6] o.s.web.servlet.DispatcherServlet        : Completed 422 UNPROCESSABLE_ENTITY
2020-10-26 01:29:36.529 DEBUG 1374 --- [http-nio-9221-exec-7] o.s.web.servlet.DispatcherServlet        : POST "/v1/scanFile", parameters={masked}
2020-10-26 01:29:36.530 DEBUG 1374 --- [http-nio-9221-exec-7] s.w.s.m.m.a.RequestMappingHandlerMapping : Mapped to com.hcl.appscan.customscannersservice.controller.CustomScannersController#runScanFile(MultipartFile, String, int[])
2020-10-26 01:29:36.533 DEBUG 1374 --- [http-nio-9221-exec-7] .m.m.a.ExceptionHandlerExceptionResolver : Using @ExceptionHandler com.hcl.appscan.customscannersservice.controller.CustomScannersControllerAdvice#handleInvalidArgument(IllegalArgumentException)
2020-10-26 01:29:36.534 DEBUG 1374 --- [http-nio-9221-exec-7] o.s.w.s.m.m.a.HttpEntityMethodProcessor  : Using 'application/json', given [application/json] and supported [application/json, application/*+json, application/json, application/*+json]
2020-10-26 01:29:36.535 DEBUG 1374 --- [http-nio-9221-exec-7] o.s.w.s.m.m.a.HttpEntityMethodProcessor  : Writing [com.hcl.appscan.customscannersservice.controller.CustomScannersControllerAdvice$ErrorMessage@37c0e38 (truncated)...]
2020-10-26 01:29:36.536 DEBUG 1374 --- [http-nio-9221-exec-7] .m.m.a.ExceptionHandlerExceptionResolver : Resolved [java.lang.IllegalArgumentException: The following file extension is not supported: ejs]
2020-10-26 01:29:36.536 DEBUG 1374 --- [http-nio-9221-exec-7] o.s.web.servlet.DispatcherServlet        : Completed 422 UNPROCESSABLE_ENTITY
2020-10-26 01:29:58.366 DEBUG 1374 --- [http-nio-9221-exec-8] o.s.web.servlet.DispatcherServlet        : POST "/v1/scanFile", parameters={masked}
2020-10-26 01:29:58.367 DEBUG 1374 --- [http-nio-9221-exec-8] s.w.s.m.m.a.RequestMappingHandlerMapping : Mapped to com.hcl.appscan.customscannersservice.controller.CustomScannersController#runScanFile(MultipartFile, String, int[])
2020-10-26 01:29:58.368 DEBUG 1374 --- [http-nio-9221-exec-8] .m.m.a.ExceptionHandlerExceptionResolver : Using @ExceptionHandler com.hcl.appscan.customscannersservice.controller.CustomScannersControllerAdvice#handleInvalidArgument(IllegalArgumentException)
2020-10-26 01:29:58.369 DEBUG 1374 --- [http-nio-9221-exec-8] o.s.w.s.m.m.a.HttpEntityMethodProcessor  : Using 'application/json', given [application/json] and supported [application/json, application/*+json, application/json, application/*+json]
2020-10-26 01:29:58.369 DEBUG 1374 --- [http-nio-9221-exec-8] o.s.w.s.m.m.a.HttpEntityMethodProcessor  : Writing [com.hcl.appscan.customscannersservice.controller.CustomScannersControllerAdvice$ErrorMessage@2e1d0d6 (truncated)...]
2020-10-26 01:29:58.371 DEBUG 1374 --- [http-nio-9221-exec-8] .m.m.a.ExceptionHandlerExceptionResolver : Resolved [java.lang.IllegalArgumentException: The following file extension is not supported: ejs]
2020-10-26 01:29:58.372 DEBUG 1374 --- [http-nio-9221-exec-8] o.s.web.servlet.DispatcherServlet        : Completed 422 UNPROCESSABLE_ENTITY
2020-10-26 01:30:20.266 DEBUG 1374 --- [http-nio-9221-exec-9] o.s.web.servlet.DispatcherServlet        : POST "/v1/scanFile", parameters={masked}
2020-10-26 01:30:20.267 DEBUG 1374 --- [http-nio-9221-exec-9] s.w.s.m.m.a.RequestMappingHandlerMapping : Mapped to com.hcl.appscan.customscannersservice.controller.CustomScannersController#runScanFile(MultipartFile, String, int[])
2020-10-26 01:30:20.269 DEBUG 1374 --- [http-nio-9221-exec-9] .m.m.a.ExceptionHandlerExceptionResolver : Using @ExceptionHandler com.hcl.appscan.customscannersservice.controller.CustomScannersControllerAdvice#handleInvalidArgument(IllegalArgumentException)
2020-10-26 01:30:20.270 DEBUG 1374 --- [http-nio-9221-exec-9] o.s.w.s.m.m.a.HttpEntityMethodProcessor  : Using 'application/json', given [application/json] and supported [application/json, application/*+json, application/json, application/*+json]
2020-10-26 01:30:20.270 DEBUG 1374 --- [http-nio-9221-exec-9] o.s.w.s.m.m.a.HttpEntityMethodProcessor  : Writing [com.hcl.appscan.customscannersservice.controller.CustomScannersControllerAdvice$ErrorMessage@73b06c0 (truncated)...]
2020-10-26 01:30:20.271 DEBUG 1374 --- [http-nio-9221-exec-9] .m.m.a.ExceptionHandlerExceptionResolver : Resolved [java.lang.IllegalArgumentException: The following file extension is not supported: ejs]
2020-10-26 01:30:20.271 DEBUG 1374 --- [http-nio-9221-exec-9] o.s.web.servlet.DispatcherServlet        : Completed 422 UNPROCESSABLE_ENTITY
2020-10-26 01:30:27.943 DEBUG 1374 --- [http-nio-9221-exec-10] o.s.web.servlet.DispatcherServlet        : POST "/v1/scanFile", parameters={masked}
2020-10-26 01:30:27.945 DEBUG 1374 --- [http-nio-9221-exec-10] s.w.s.m.m.a.RequestMappingHandlerMapping : Mapped to com.hcl.appscan.customscannersservice.controller.CustomScannersController#runScanFile(MultipartFile, String, int[])
2020-10-26 01:30:27.945 DEBUG 1374 --- [http-nio-9221-exec-10] .m.m.a.ExceptionHandlerExceptionResolver : Using @ExceptionHandler com.hcl.appscan.customscannersservice.controller.CustomScannersControllerAdvice#handleInvalidArgument(IllegalArgumentException)
2020-10-26 01:30:27.946 DEBUG 1374 --- [http-nio-9221-exec-10] o.s.w.s.m.m.a.HttpEntityMethodProcessor  : Using 'application/json', given [application/json] and supported [application/json, application/*+json, application/json, application/*+json]
2020-10-26 01:30:27.946 DEBUG 1374 --- [http-nio-9221-exec-10] o.s.w.s.m.m.a.HttpEntityMethodProcessor  : Writing [com.hcl.appscan.customscannersservice.controller.CustomScannersControllerAdvice$ErrorMessage@3f0e6f0 (truncated)...]
2020-10-26 01:30:27.947 DEBUG 1374 --- [http-nio-9221-exec-10] .m.m.a.ExceptionHandlerExceptionResolver : Resolved [java.lang.IllegalArgumentException: The following file extension is not supported: ejs]
2020-10-26 01:30:27.947 DEBUG 1374 --- [http-nio-9221-exec-10] o.s.web.servlet.DispatcherServlet        : Completed 422 UNPROCESSABLE_ENTITY
2020-10-26 01:30:40.099 DEBUG 1374 --- [http-nio-9221-exec-1] o.s.web.servlet.DispatcherServlet        : POST "/v1/scanFile", parameters={masked}
2020-10-26 01:30:40.099 DEBUG 1374 --- [http-nio-9221-exec-1] s.w.s.m.m.a.RequestMappingHandlerMapping : Mapped to com.hcl.appscan.customscannersservice.controller.CustomScannersController#runScanFile(MultipartFile, String, int[])
2020-10-26 01:30:40.101 DEBUG 1374 --- [http-nio-9221-exec-1] .m.m.a.ExceptionHandlerExceptionResolver : Using @ExceptionHandler com.hcl.appscan.customscannersservice.controller.CustomScannersControllerAdvice#handleInvalidArgument(IllegalArgumentException)
2020-10-26 01:30:40.102 DEBUG 1374 --- [http-nio-9221-exec-1] o.s.w.s.m.m.a.HttpEntityMethodProcessor  : Using 'application/json', given [application/json] and supported [application/json, application/*+json, application/json, application/*+json]
2020-10-26 01:30:40.102 DEBUG 1374 --- [http-nio-9221-exec-1] o.s.w.s.m.m.a.HttpEntityMethodProcessor  : Writing [com.hcl.appscan.customscannersservice.controller.CustomScannersControllerAdvice$ErrorMessage@2bc74df (truncated)...]
2020-10-26 01:30:40.103 DEBUG 1374 --- [http-nio-9221-exec-1] .m.m.a.ExceptionHandlerExceptionResolver : Resolved [java.lang.IllegalArgumentException: The following file extension is not supported: ejs]
2020-10-26 01:30:40.104 DEBUG 1374 --- [http-nio-9221-exec-1] o.s.web.servlet.DispatcherServlet        : Completed 422 UNPROCESSABLE_ENTITY
2020-10-26 01:31:54.361 DEBUG 1374 --- [http-nio-9221-exec-2] o.s.web.servlet.DispatcherServlet        : POST "/v1/scanFile", parameters={masked}
2020-10-26 01:31:54.362 DEBUG 1374 --- [http-nio-9221-exec-2] s.w.s.m.m.a.RequestMappingHandlerMapping : Mapped to com.hcl.appscan.customscannersservice.controller.CustomScannersController#runScanFile(MultipartFile, String, int[])
2020-10-26 01:31:54.364 DEBUG 1374 --- [http-nio-9221-exec-2] .m.m.a.ExceptionHandlerExceptionResolver : Using @ExceptionHandler com.hcl.appscan.customscannersservice.controller.CustomScannersControllerAdvice#handleInvalidArgument(IllegalArgumentException)
2020-10-26 01:31:54.364 DEBUG 1374 --- [http-nio-9221-exec-2] o.s.w.s.m.m.a.HttpEntityMethodProcessor  : Using 'application/json', given [application/json] and supported [application/json, application/*+json, application/json, application/*+json]
2020-10-26 01:31:54.364 DEBUG 1374 --- [http-nio-9221-exec-2] o.s.w.s.m.m.a.HttpEntityMethodProcessor  : Writing [com.hcl.appscan.customscannersservice.controller.CustomScannersControllerAdvice$ErrorMessage@746fa8b (truncated)...]
2020-10-26 01:31:54.365 DEBUG 1374 --- [http-nio-9221-exec-2] .m.m.a.ExceptionHandlerExceptionResolver : Resolved [java.lang.IllegalArgumentException: The following file extension is not supported: ejs]
2020-10-26 01:31:54.366 DEBUG 1374 --- [http-nio-9221-exec-2] o.s.web.servlet.DispatcherServlet        : Completed 422 UNPROCESSABLE_ENTITY
2020-10-26 01:32:35.570 DEBUG 1374 --- [http-nio-9221-exec-3] o.s.web.servlet.DispatcherServlet        : POST "/v1/scanFile", parameters={masked}
2020-10-26 01:32:35.571 DEBUG 1374 --- [http-nio-9221-exec-3] s.w.s.m.m.a.RequestMappingHandlerMapping : Mapped to com.hcl.appscan.customscannersservice.controller.CustomScannersController#runScanFile(MultipartFile, String, int[])
2020-10-26 01:32:35.573 DEBUG 1374 --- [http-nio-9221-exec-3] .m.m.a.ExceptionHandlerExceptionResolver : Using @ExceptionHandler com.hcl.appscan.customscannersservice.controller.CustomScannersControllerAdvice#handleInvalidArgument(IllegalArgumentException)
2020-10-26 01:32:35.573 DEBUG 1374 --- [http-nio-9221-exec-3] o.s.w.s.m.m.a.HttpEntityMethodProcessor  : Using 'application/json', given [application/json] and supported [application/json, application/*+json, application/json, application/*+json]
2020-10-26 01:32:35.574 DEBUG 1374 --- [http-nio-9221-exec-3] o.s.w.s.m.m.a.HttpEntityMethodProcessor  : Writing [com.hcl.appscan.customscannersservice.controller.CustomScannersControllerAdvice$ErrorMessage@6bf0453 (truncated)...]
2020-10-26 01:32:35.574 DEBUG 1374 --- [http-nio-9221-exec-3] .m.m.a.ExceptionHandlerExceptionResolver : Resolved [java.lang.IllegalArgumentException: The following file extension is not supported: ejs]
2020-10-26 01:32:35.575 DEBUG 1374 --- [http-nio-9221-exec-3] o.s.web.servlet.DispatcherServlet        : Completed 422 UNPROCESSABLE_ENTITY
2020-10-26 01:32:40.831 DEBUG 1374 --- [http-nio-9221-exec-4] o.s.web.servlet.DispatcherServlet        : POST "/v1/scanFile", parameters={masked}
2020-10-26 01:32:40.832 DEBUG 1374 --- [http-nio-9221-exec-4] s.w.s.m.m.a.RequestMappingHandlerMapping : Mapped to com.hcl.appscan.customscannersservice.controller.CustomScannersController#runScanFile(MultipartFile, String, int[])
2020-10-26 01:32:40.833 DEBUG 1374 --- [http-nio-9221-exec-4] .m.m.a.ExceptionHandlerExceptionResolver : Using @ExceptionHandler com.hcl.appscan.customscannersservice.controller.CustomScannersControllerAdvice#handleInvalidArgument(IllegalArgumentException)
2020-10-26 01:32:40.833 DEBUG 1374 --- [http-nio-9221-exec-4] o.s.w.s.m.m.a.HttpEntityMethodProcessor  : Using 'application/json', given [application/json] and supported [application/json, application/*+json, application/json, application/*+json]
2020-10-26 01:32:40.834 DEBUG 1374 --- [http-nio-9221-exec-4] o.s.w.s.m.m.a.HttpEntityMethodProcessor  : Writing [com.hcl.appscan.customscannersservice.controller.CustomScannersControllerAdvice$ErrorMessage@63a170c (truncated)...]
2020-10-26 01:32:40.834 DEBUG 1374 --- [http-nio-9221-exec-4] .m.m.a.ExceptionHandlerExceptionResolver : Resolved [java.lang.IllegalArgumentException: The following file extension is not supported: ejs]
2020-10-26 01:32:40.835 DEBUG 1374 --- [http-nio-9221-exec-4] o.s.web.servlet.DispatcherServlet        : Completed 422 UNPROCESSABLE_ENTITY
2020-10-26 01:33:04.785 DEBUG 1374 --- [http-nio-9221-exec-5] o.s.web.servlet.DispatcherServlet        : POST "/v1/scanFile", parameters={masked}
2020-10-26 01:33:04.786 DEBUG 1374 --- [http-nio-9221-exec-5] s.w.s.m.m.a.RequestMappingHandlerMapping : Mapped to com.hcl.appscan.customscannersservice.controller.CustomScannersController#runScanFile(MultipartFile, String, int[])
2020-10-26 01:33:04.788 DEBUG 1374 --- [http-nio-9221-exec-5] .m.m.a.ExceptionHandlerExceptionResolver : Using @ExceptionHandler com.hcl.appscan.customscannersservice.controller.CustomScannersControllerAdvice#handleInvalidArgument(IllegalArgumentException)
2020-10-26 01:33:04.789 DEBUG 1374 --- [http-nio-9221-exec-5] o.s.w.s.m.m.a.HttpEntityMethodProcessor  : Using 'application/json', given [application/json] and supported [application/json, application/*+json, application/json, application/*+json]
2020-10-26 01:33:04.789 DEBUG 1374 --- [http-nio-9221-exec-5] o.s.w.s.m.m.a.HttpEntityMethodProcessor  : Writing [com.hcl.appscan.customscannersservice.controller.CustomScannersControllerAdvice$ErrorMessage@690d60b (truncated)...]
2020-10-26 01:33:04.790 DEBUG 1374 --- [http-nio-9221-exec-5] .m.m.a.ExceptionHandlerExceptionResolver : Resolved [java.lang.IllegalArgumentException: The following file extension is not supported: ejs]
2020-10-26 01:33:04.791 DEBUG 1374 --- [http-nio-9221-exec-5] o.s.web.servlet.DispatcherServlet        : Completed 422 UNPROCESSABLE_ENTITY
